<?xml version="1.0" encoding="UTF-8"?>
<testng-results skipped="0" failed="0" total="1" passed="1">
  <reporter-output>
  </reporter-output>
  <suite name="Suite" duration-ms="34737" started-at="2022-07-06T10:45:35Z" finished-at="2022-07-06T10:46:10Z">
    <groups>
    </groups>
    <test name="Test" duration-ms="34737" started-at="2022-07-06T10:45:35Z" finished-at="2022-07-06T10:46:10Z">
      <class name="ownerportal.ProjectPage">
        <test-method status="PASS" signature="createproject()[pri:0, instance:ownerportal.ProjectPage@1990a65e]" name="createproject" duration-ms="34721" started-at="2022-07-06T10:45:35Z" finished-at="2022-07-06T10:46:10Z">
        </test-method>
      </class>
    </test>
  </suite>
</testng-results>
