<?xml version="1.0" encoding="UTF-8"?>
<testng-results skipped="0" failed="0" total="1" passed="1">
  <reporter-output>
  </reporter-output>
  <suite name="Default suite" duration-ms="35575" started-at="2022-07-04T14:41:18Z" finished-at="2022-07-04T14:41:53Z">
    <groups>
    </groups>
    <test name="Default test" duration-ms="35575" started-at="2022-07-04T14:41:18Z" finished-at="2022-07-04T14:41:53Z">
      <class name="ownerportal.ProjectPage">
        <test-method status="PASS" signature="createproject()[pri:0, instance:ownerportal.ProjectPage@b3d7190]" name="createproject" duration-ms="35556" started-at="2022-07-04T14:41:18Z" finished-at="2022-07-04T14:41:53Z">
        </test-method>
      </class>
    </test>
  </suite>
</testng-results>
